#
# There is insufficient memory for the Java Runtime Environment to continue.
# Native memory allocation (malloc) failed to allocate 32744 bytes for ChunkPool::allocate
# Possible reasons:
#   The system is out of physical RAM or swap space
#   The process is running with CompressedOops enabled, and the Java Heap may be blocking the growth of the native heap
# Possible solutions:
#   Reduce memory load on the system
#   Increase physical memory or swap space
#   Check if swap backing store is full
#   Decrease Java heap size (-Xmx/-Xms)
#   Decrease number of Java threads
#   Decrease Java thread stack sizes (-Xss)
#   Set larger code cache with -XX:ReservedCodeCacheSize=
#   JVM is running with Unscaled Compressed Oops mode in which the Java heap is
#     placed in the first 4GB address space. The Java Heap base address is the
#     maximum limit for the native heap growth. Please use -XX:HeapBaseMinAddress
#     to set the Java Heap base and to place the Java Heap above 4GB virtual address.
# This output file may be truncated or incomplete.
#
#  Out of Memory Error (t:/workspace/open/src/hotspot/share/memory/arena.cpp:81), pid=8272, tid=5952
#
# JRE version: Java(TM) SE Runtime Environment (11.0.6+8) (build 11.0.6+8-LTS)
# Java VM: Java HotSpot(TM) 64-Bit Server VM (11.0.6+8-LTS, mixed mode, tiered, compressed oops, g1 gc, windows-amd64)
# No core dump will be written. Minidumps are not enabled by default on client versions of Windows
#

---------------  S U M M A R Y ------------

Command Line: org.jetbrains.kotlin.cli.jvm.K2JVMCompiler @C:\project_react_native\Tasty_Icecream_project\node_modules\react-native-safe-area-context\android\build\20240106_858314026641953124.compiler.options

Host: Intel(R) Core(TM) i7-10750H CPU @ 2.60GHz, 12 cores, 7G,  Windows 10 , 64 bit Build 22621 (10.0.22621.2506)
Time: Sat Jan  6 04:38:57 2024 Egypt Standard Time elapsed time: 8 seconds (0d 0h 0m 8s)

---------------  T H R E A D  ---------------

Current thread (0x00000282ebfc7800):  JavaThread "C2 CompilerThread0" daemon [_thread_in_native, id=5952, stack(0x00000089b5c00000,0x00000089b5d00000)]


Current CompileTask:
C2:   8601 2883       4       java.lang.ClassLoader::loadClass (7 bytes)

Stack: [0x00000089b5c00000,0x00000089b5d00000]
Native frames: (J=compiled Java code, j=interpreted, Vv=VM code, C=native code)
V  [jvm.dll+0x63679a]
V  [jvm.dll+0x7755bf]
V  [jvm.dll+0x776c65]
V  [jvm.dll+0x7772d3]
V  [jvm.dll+0x25e7f8]
V  [jvm.dll+0xc1e3b]
V  [jvm.dll+0xc219c]
V  [jvm.dll+0x373018]
V  [jvm.dll+0x372791]
V  [jvm.dll+0x3727d4]
V  [jvm.dll+0x537fc5]
V  [jvm.dll+0x537c58]
V  [jvm.dll+0x33a7e2]
V  [jvm.dll+0x339b8a]
V  [jvm.dll+0x218355]
V  [jvm.dll+0x2174fa]
V  [jvm.dll+0x193a2c]
V  [jvm.dll+0x226544]
V  [jvm.dll+0x224b28]
V  [jvm.dll+0x73a9c5]
V  [jvm.dll+0x733905]
V  [jvm.dll+0x635846]
C  [ucrtbase.dll+0x29363]
C  [KERNEL32.DLL+0x1257d]
C  [ntdll.dll+0x5aa58]


---------------  P R O C E S S  ---------------

Threads class SMR info:
_java_thread_list=0x00000282eca68e90, length=10, elements={
0x00000282ccfc7000, 0x00000282ebfa6000, 0x00000282ebfa7800, 0x00000282ebfc4000,
0x00000282ebfc5800, 0x00000282ebfc7800, 0x00000282ebfc9000, 0x00000282ec8d3000,
0x00000282eca93800, 0x00000282ecaa3000
}

Java Threads: ( => current thread )
  0x00000282ccfc7000 JavaThread "main" [_thread_in_Java, id=15260, stack(0x00000089b5100000,0x00000089b5200000)]
  0x00000282ebfa6000 JavaThread "Reference Handler" daemon [_thread_blocked, id=18552, stack(0x00000089b5800000,0x00000089b5900000)]
  0x00000282ebfa7800 JavaThread "Finalizer" daemon [_thread_blocked, id=9460, stack(0x00000089b5900000,0x00000089b5a00000)]
  0x00000282ebfc4000 JavaThread "Signal Dispatcher" daemon [_thread_blocked, id=25176, stack(0x00000089b5a00000,0x00000089b5b00000)]
  0x00000282ebfc5800 JavaThread "Attach Listener" daemon [_thread_blocked, id=16148, stack(0x00000089b5b00000,0x00000089b5c00000)]
=>0x00000282ebfc7800 JavaThread "C2 CompilerThread0" daemon [_thread_in_native, id=5952, stack(0x00000089b5c00000,0x00000089b5d00000)]
  0x00000282ebfc9000 JavaThread "C1 CompilerThread0" daemon [_thread_in_native, id=16704, stack(0x00000089b5d00000,0x00000089b5e00000)]
  0x00000282ec8d3000 JavaThread "Sweeper thread" daemon [_thread_blocked, id=20672, stack(0x00000089b5e00000,0x00000089b5f00000)]
  0x00000282eca93800 JavaThread "Service Thread" daemon [_thread_blocked, id=13388, stack(0x00000089b5f00000,0x00000089b6000000)]
  0x00000282ecaa3000 JavaThread "Common-Cleaner" daemon [_thread_blocked, id=19104, stack(0x00000089b6100000,0x00000089b6200000)]

Other Threads:
  0x00000282ebf80800 VMThread "VM Thread" [stack: 0x00000089b5700000,0x00000089b5800000] [id=11676]
  0x00000282eca9e000 WatcherThread [stack: 0x00000089b6000000,0x00000089b6100000] [id=18632]
  0x00000282ccfdc000 GCTaskThread "GC Thread#0" [stack: 0x00000089b5200000,0x00000089b5300000] [id=15992]
  0x00000282ecf99000 GCTaskThread "GC Thread#1" [stack: 0x00000089b6200000,0x00000089b6300000] [id=2400]
  0x00000282ecfd3800 GCTaskThread "GC Thread#2" [stack: 0x00000089b6300000,0x00000089b6400000] [id=12312]
  0x00000282cd00e800 ConcurrentGCThread "G1 Main Marker" [stack: 0x00000089b5300000,0x00000089b5400000] [id=5188]
  0x00000282cd010000 ConcurrentGCThread "G1 Conc#0" [stack: 0x00000089b5400000,0x00000089b5500000] [id=14432]
  0x00000282ed33e800 ConcurrentGCThread "G1 Conc#1" [stack: 0x00000089b6400000,0x00000089b6500000] [id=23752]
  0x00000282ecfb3000 ConcurrentGCThread "G1 Conc#2" [stack: 0x00000089b6500000,0x00000089b6600000] [id=12640]
  0x00000282ebdf0800 ConcurrentGCThread "G1 Refine#0" [stack: 0x00000089b5500000,0x00000089b5600000] [id=12964]
  0x00000282edd47800 ConcurrentGCThread "G1 Refine#1" [stack: 0x00000089b6600000,0x00000089b6700000] [id=14192]
  0x00000282ebdf1800 ConcurrentGCThread "G1 Young RemSet Sampling" [stack: 0x00000089b5600000,0x00000089b5700000] [id=25040]

Threads with active compile tasks:
C2 CompilerThread02883       4       java.lang.ClassLoader::loadClass (7 bytes)
C1 CompilerThread03197       2       org.jetbrains.kotlin.protobuf.FieldSet::verifyType (205 bytes)

VM state:not at safepoint (normal execution)

VM Mutex/Monitor currently owned by a thread: None

Heap address: 0x0000000082c00000, size: 2004 MB, Compressed Oops mode: 32-bit
Narrow klass base: 0x0000000000000000, Narrow klass shift: 3
Compressed class space size: 1073741824 Address: 0x0000000100000000

Heap:
 garbage-first heap   total 155648K, used 67210K [0x0000000082c00000, 0x0000000100000000)
  region size 1024K, 44 young (45056K), 2 survivors (2048K)
 Metaspace       used 44690K, capacity 45180K, committed 45392K, reserved 1089536K
  class space    used 5310K, capacity 5508K, committed 5632K, reserved 1048576K
Heap Regions: E=young(eden), S=young(survivor), O=old, HS=humongous(starts), HC=humongous(continues), CS=collection set, F=free, A=archive, TAMS=top-at-mark-start (previous, next)
|   0|0x0000000082c00000, 0x0000000082d00000, 0x0000000082d00000|100%|HS|  |TAMS 0x0000000082d00000, 0x0000000082c00000| Complete 
|   1|0x0000000082d00000, 0x0000000082e00000, 0x0000000082e00000|100%|HC|  |TAMS 0x0000000082e00000, 0x0000000082d00000| Complete 
|   2|0x0000000082e00000, 0x0000000082f00000, 0x0000000082f00000|100%|HC|  |TAMS 0x0000000082f00000, 0x0000000082e00000| Complete 
|   3|0x0000000082f00000, 0x0000000083000000, 0x0000000083000000|100%|HS|  |TAMS 0x0000000083000000, 0x0000000082f00000| Complete 
|   4|0x0000000083000000, 0x0000000083100000, 0x0000000083100000|100%|HC|  |TAMS 0x0000000083100000, 0x0000000083000000| Complete 
|   5|0x0000000083100000, 0x0000000083200000, 0x0000000083200000|100%|HC|  |TAMS 0x0000000083200000, 0x0000000083100000| Complete 
|   6|0x0000000083200000, 0x0000000083200000, 0x0000000083300000|  0%| F|  |TAMS 0x0000000083200000, 0x0000000083200000| Untracked 
|   7|0x0000000083300000, 0x0000000083300000, 0x0000000083400000|  0%| F|  |TAMS 0x0000000083300000, 0x0000000083300000| Untracked 
|   8|0x0000000083400000, 0x0000000083500000, 0x0000000083500000|100%| O|  |TAMS 0x0000000083500000, 0x0000000083400000| Untracked 
|   9|0x0000000083500000, 0x0000000083600000, 0x0000000083600000|100%| O|  |TAMS 0x0000000083600000, 0x0000000083500000| Untracked 
|  10|0x0000000083600000, 0x0000000083700000, 0x0000000083700000|100%| O|  |TAMS 0x0000000083700000, 0x0000000083600000| Untracked 
|  11|0x0000000083700000, 0x0000000083800000, 0x0000000083800000|100%| O|  |TAMS 0x0000000083800000, 0x0000000083700000| Untracked 
|  12|0x0000000083800000, 0x0000000083900000, 0x0000000083900000|100%| O|  |TAMS 0x0000000083900000, 0x0000000083800000| Untracked 
|  13|0x0000000083900000, 0x0000000083a00000, 0x0000000083a00000|100%| O|  |TAMS 0x0000000083a00000, 0x0000000083900000| Untracked 
|  14|0x0000000083a00000, 0x0000000083b00000, 0x0000000083b00000|100%| O|  |TAMS 0x0000000083b00000, 0x0000000083a00000| Untracked 
|  15|0x0000000083b00000, 0x0000000083c00000, 0x0000000083c00000|100%| O|  |TAMS 0x0000000083c00000, 0x0000000083b00000| Untracked 
|  16|0x0000000083c00000, 0x0000000083d00000, 0x0000000083d00000|100%| O|  |TAMS 0x0000000083d00000, 0x0000000083c00000| Untracked 
|  17|0x0000000083d00000, 0x0000000083e00000, 0x0000000083e00000|100%| O|  |TAMS 0x0000000083e00000, 0x0000000083d00000| Untracked 
|  18|0x0000000083e00000, 0x0000000083f00000, 0x0000000083f00000|100%| O|  |TAMS 0x0000000083f00000, 0x0000000083e00000| Untracked 
|  19|0x0000000083f00000, 0x0000000084000000, 0x0000000084000000|100%| O|  |TAMS 0x0000000084000000, 0x0000000083f00000| Untracked 
|  20|0x0000000084000000, 0x0000000084100000, 0x0000000084100000|100%| O|  |TAMS 0x0000000084100000, 0x0000000084000000| Untracked 
|  21|0x0000000084100000, 0x0000000084200000, 0x0000000084200000|100%| O|  |TAMS 0x0000000084200000, 0x0000000084100000| Untracked 
|  22|0x0000000084200000, 0x0000000084300000, 0x0000000084300000|100%| O|  |TAMS 0x0000000084300000, 0x0000000084200000| Untracked 
|  23|0x0000000084300000, 0x0000000084400000, 0x0000000084400000|100%| O|  |TAMS 0x0000000084400000, 0x0000000084300000| Untracked 
|  24|0x0000000084400000, 0x0000000084500000, 0x0000000084500000|100%| O|  |TAMS 0x0000000084500000, 0x0000000084400000| Untracked 
|  25|0x0000000084500000, 0x0000000084500000, 0x0000000084600000|  0%| F|  |TAMS 0x0000000084500000, 0x0000000084500000| Untracked 
|  26|0x0000000084600000, 0x0000000084600000, 0x0000000084700000|  0%| F|  |TAMS 0x0000000084600000, 0x0000000084600000| Untracked 
|  27|0x0000000084700000, 0x0000000084700000, 0x0000000084800000|  0%| F|  |TAMS 0x0000000084700000, 0x0000000084700000| Untracked 
|  28|0x0000000084800000, 0x0000000084800000, 0x0000000084900000|  0%| F|  |TAMS 0x0000000084800000, 0x0000000084800000| Untracked 
|  29|0x0000000084900000, 0x0000000084900000, 0x0000000084a00000|  0%| F|  |TAMS 0x0000000084900000, 0x0000000084900000| Untracked 
|  30|0x0000000084a00000, 0x0000000084a00000, 0x0000000084b00000|  0%| F|  |TAMS 0x0000000084a00000, 0x0000000084a00000| Untracked 
|  31|0x0000000084b00000, 0x0000000084b00000, 0x0000000084c00000|  0%| F|  |TAMS 0x0000000084b00000, 0x0000000084b00000| Untracked 
|  32|0x0000000084c00000, 0x0000000084c00000, 0x0000000084d00000|  0%| F|  |TAMS 0x0000000084c00000, 0x0000000084c00000| Untracked 
|  33|0x0000000084d00000, 0x0000000084d00000, 0x0000000084e00000|  0%| F|  |TAMS 0x0000000084d00000, 0x0000000084d00000| Untracked 
|  34|0x0000000084e00000, 0x0000000084e00000, 0x0000000084f00000|  0%| F|  |TAMS 0x0000000084e00000, 0x0000000084e00000| Untracked 
|  35|0x0000000084f00000, 0x0000000084f00000, 0x0000000085000000|  0%| F|  |TAMS 0x0000000084f00000, 0x0000000084f00000| Untracked 
|  36|0x0000000085000000, 0x0000000085000000, 0x0000000085100000|  0%| F|  |TAMS 0x0000000085000000, 0x0000000085000000| Untracked 
|  37|0x0000000085100000, 0x0000000085100000, 0x0000000085200000|  0%| F|  |TAMS 0x0000000085100000, 0x0000000085100000| Untracked 
|  38|0x0000000085200000, 0x0000000085200000, 0x0000000085300000|  0%| F|  |TAMS 0x0000000085200000, 0x0000000085200000| Untracked 
|  39|0x0000000085300000, 0x0000000085300000, 0x0000000085400000|  0%| F|  |TAMS 0x0000000085300000, 0x0000000085300000| Untracked 
|  40|0x0000000085400000, 0x0000000085400000, 0x0000000085500000|  0%| F|  |TAMS 0x0000000085400000, 0x0000000085400000| Untracked 
|  41|0x0000000085500000, 0x0000000085500000, 0x0000000085600000|  0%| F|  |TAMS 0x0000000085500000, 0x0000000085500000| Untracked 
|  42|0x0000000085600000, 0x0000000085600000, 0x0000000085700000|  0%| F|  |TAMS 0x0000000085600000, 0x0000000085600000| Untracked 
|  43|0x0000000085700000, 0x0000000085700000, 0x0000000085800000|  0%| F|  |TAMS 0x0000000085700000, 0x0000000085700000| Untracked 
|  44|0x0000000085800000, 0x0000000085800000, 0x0000000085900000|  0%| F|  |TAMS 0x0000000085800000, 0x0000000085800000| Untracked 
|  45|0x0000000085900000, 0x0000000085900000, 0x0000000085a00000|  0%| F|  |TAMS 0x0000000085900000, 0x0000000085900000| Untracked 
|  46|0x0000000085a00000, 0x0000000085a00000, 0x0000000085b00000|  0%| F|  |TAMS 0x0000000085a00000, 0x0000000085a00000| Untracked 
|  47|0x0000000085b00000, 0x0000000085b00000, 0x0000000085c00000|  0%| F|  |TAMS 0x0000000085b00000, 0x0000000085b00000| Untracked 
|  48|0x0000000085c00000, 0x0000000085c00000, 0x0000000085d00000|  0%| F|  |TAMS 0x0000000085c00000, 0x0000000085c00000| Untracked 
|  49|0x0000000085d00000, 0x0000000085d00000, 0x0000000085e00000|  0%| F|  |TAMS 0x0000000085d00000, 0x0000000085d00000| Untracked 
|  50|0x0000000085e00000, 0x0000000085e00000, 0x0000000085f00000|  0%| F|  |TAMS 0x0000000085e00000, 0x0000000085e00000| Untracked 
|  51|0x0000000085f00000, 0x0000000085f00000, 0x0000000086000000|  0%| F|  |TAMS 0x0000000085f00000, 0x0000000085f00000| Untracked 
|  52|0x0000000086000000, 0x0000000086000000, 0x0000000086100000|  0%| F|  |TAMS 0x0000000086000000, 0x0000000086000000| Untracked 
|  53|0x0000000086100000, 0x0000000086100000, 0x0000000086200000|  0%| F|  |TAMS 0x0000000086100000, 0x0000000086100000| Untracked 
|  54|0x0000000086200000, 0x0000000086200000, 0x0000000086300000|  0%| F|  |TAMS 0x0000000086200000, 0x0000000086200000| Untracked 
|  55|0x0000000086300000, 0x0000000086300000, 0x0000000086400000|  0%| F|  |TAMS 0x0000000086300000, 0x0000000086300000| Untracked 
|  56|0x0000000086400000, 0x0000000086400000, 0x0000000086500000|  0%| F|  |TAMS 0x0000000086400000, 0x0000000086400000| Untracked 
|  57|0x0000000086500000, 0x0000000086500000, 0x0000000086600000|  0%| F|  |TAMS 0x0000000086500000, 0x0000000086500000| Untracked 
|  58|0x0000000086600000, 0x0000000086600000, 0x0000000086700000|  0%| F|  |TAMS 0x0000000086600000, 0x0000000086600000| Untracked 
|  59|0x0000000086700000, 0x0000000086700000, 0x0000000086800000|  0%| F|  |TAMS 0x0000000086700000, 0x0000000086700000| Untracked 
|  60|0x0000000086800000, 0x0000000086800000, 0x0000000086900000|  0%| F|  |TAMS 0x0000000086800000, 0x0000000086800000| Untracked 
|  61|0x0000000086900000, 0x0000000086900000, 0x0000000086a00000|  0%| F|  |TAMS 0x0000000086900000, 0x0000000086900000| Untracked 
|  62|0x0000000086a00000, 0x0000000086a00000, 0x0000000086b00000|  0%| F|  |TAMS 0x0000000086a00000, 0x0000000086a00000| Untracked 
|  63|0x0000000086b00000, 0x0000000086b00000, 0x0000000086c00000|  0%| F|  |TAMS 0x0000000086b00000, 0x0000000086b00000| Untracked 
|  64|0x0000000086c00000, 0x0000000086c00000, 0x0000000086d00000|  0%| F|  |TAMS 0x0000000086c00000, 0x0000000086c00000| Untracked 
|  65|0x0000000086d00000, 0x0000000086d00000, 0x0000000086e00000|  0%| F|  |TAMS 0x0000000086d00000, 0x0000000086d00000| Untracked 
|  66|0x0000000086e00000, 0x0000000086e00000, 0x0000000086f00000|  0%| F|  |TAMS 0x0000000086e00000, 0x0000000086e00000| Untracked 
|  67|0x0000000086f00000, 0x0000000086f00000, 0x0000000087000000|  0%| F|  |TAMS 0x0000000086f00000, 0x0000000086f00000| Untracked 
|  68|0x0000000087000000, 0x0000000087000000, 0x0000000087100000|  0%| F|  |TAMS 0x0000000087000000, 0x0000000087000000| Untracked 
|  69|0x0000000087100000, 0x0000000087100000, 0x0000000087200000|  0%| F|  |TAMS 0x0000000087100000, 0x0000000087100000| Untracked 
|  70|0x0000000087200000, 0x0000000087200000, 0x0000000087300000|  0%| F|  |TAMS 0x0000000087200000, 0x0000000087200000| Untracked 
|  71|0x0000000087300000, 0x0000000087300000, 0x0000000087400000|  0%| F|  |TAMS 0x0000000087300000, 0x0000000087300000| Untracked 
|  72|0x0000000087400000, 0x0000000087400000, 0x0000000087500000|  0%| F|  |TAMS 0x0000000087400000, 0x0000000087400000| Untracked 
|  73|0x0000000087500000, 0x0000000087500000, 0x0000000087600000|  0%| F|  |TAMS 0x0000000087500000, 0x0000000087500000| Untracked 
|  74|0x0000000087600000, 0x0000000087600000, 0x0000000087700000|  0%| F|  |TAMS 0x0000000087600000, 0x0000000087600000| Untracked 
|  75|0x0000000087700000, 0x0000000087700000, 0x0000000087800000|  0%| F|  |TAMS 0x0000000087700000, 0x0000000087700000| Untracked 
|  76|0x0000000087800000, 0x0000000087800000, 0x0000000087900000|  0%| F|  |TAMS 0x0000000087800000, 0x0000000087800000| Untracked 
|  77|0x0000000087900000, 0x0000000087900000, 0x0000000087a00000|  0%| F|  |TAMS 0x0000000087900000, 0x0000000087900000| Untracked 
|  78|0x0000000087a00000, 0x0000000087a00000, 0x0000000087b00000|  0%| F|  |TAMS 0x0000000087a00000, 0x0000000087a00000| Untracked 
|  79|0x0000000087b00000, 0x0000000087b00000, 0x0000000087c00000|  0%| F|  |TAMS 0x0000000087b00000, 0x0000000087b00000| Untracked 
|  80|0x0000000087c00000, 0x0000000087c00000, 0x0000000087d00000|  0%| F|  |TAMS 0x0000000087c00000, 0x0000000087c00000| Untracked 
|  81|0x0000000087d00000, 0x0000000087d00000, 0x0000000087e00000|  0%| F|  |TAMS 0x0000000087d00000, 0x0000000087d00000| Untracked 
|  82|0x0000000087e00000, 0x0000000087e00000, 0x0000000087f00000|  0%| F|  |TAMS 0x0000000087e00000, 0x0000000087e00000| Untracked 
|  83|0x0000000087f00000, 0x0000000087f00000, 0x0000000088000000|  0%| F|  |TAMS 0x0000000087f00000, 0x0000000087f00000| Untracked 
|  84|0x0000000088000000, 0x0000000088000000, 0x0000000088100000|  0%| F|  |TAMS 0x0000000088000000, 0x0000000088000000| Untracked 
|  85|0x0000000088100000, 0x0000000088100000, 0x0000000088200000|  0%| F|  |TAMS 0x0000000088100000, 0x0000000088100000| Untracked 
|  86|0x0000000088200000, 0x0000000088200000, 0x0000000088300000|  0%| F|  |TAMS 0x0000000088200000, 0x0000000088200000| Untracked 
|  87|0x0000000088300000, 0x0000000088300000, 0x0000000088400000|  0%| F|  |TAMS 0x0000000088300000, 0x0000000088300000| Untracked 
|  88|0x0000000088400000, 0x0000000088400000, 0x0000000088500000|  0%| F|  |TAMS 0x0000000088400000, 0x0000000088400000| Untracked 
|  89|0x0000000088500000, 0x0000000088500000, 0x0000000088600000|  0%| F|  |TAMS 0x0000000088500000, 0x0000000088500000| Untracked 
|  90|0x0000000088600000, 0x0000000088600000, 0x0000000088700000|  0%| F|  |TAMS 0x0000000088600000, 0x0000000088600000| Untracked 
|  91|0x0000000088700000, 0x0000000088700000, 0x0000000088800000|  0%| F|  |TAMS 0x0000000088700000, 0x0000000088700000| Untracked 
|  92|0x0000000088800000, 0x0000000088800000, 0x0000000088900000|  0%| F|  |TAMS 0x0000000088800000, 0x0000000088800000| Untracked 
|  93|0x0000000088900000, 0x0000000088900000, 0x0000000088a00000|  0%| F|  |TAMS 0x0000000088900000, 0x0000000088900000| Untracked 
|  94|0x0000000088a00000, 0x0000000088a00000, 0x0000000088b00000|  0%| F|  |TAMS 0x0000000088a00000, 0x0000000088a00000| Untracked 
|  95|0x0000000088b00000, 0x0000000088b00000, 0x0000000088c00000|  0%| F|  |TAMS 0x0000000088b00000, 0x0000000088b00000| Untracked 
|  96|0x0000000088c00000, 0x0000000088c00000, 0x0000000088d00000|  0%| F|  |TAMS 0x0000000088c00000, 0x0000000088c00000| Untracked 
|  97|0x0000000088d00000, 0x0000000088d00000, 0x0000000088e00000|  0%| F|  |TAMS 0x0000000088d00000, 0x0000000088d00000| Untracked 
|  98|0x0000000088e00000, 0x0000000088e00000, 0x0000000088f00000|  0%| F|  |TAMS 0x0000000088e00000, 0x0000000088e00000| Untracked 
|  99|0x0000000088f00000, 0x0000000088f00000, 0x0000000089000000|  0%| F|  |TAMS 0x0000000088f00000, 0x0000000088f00000| Untracked 
| 100|0x0000000089000000, 0x0000000089000000, 0x0000000089100000|  0%| F|  |TAMS 0x0000000089000000, 0x0000000089000000| Untracked 
| 101|0x0000000089100000, 0x0000000089100000, 0x0000000089200000|  0%| F|  |TAMS 0x0000000089100000, 0x0000000089100000| Untracked 
| 102|0x0000000089200000, 0x0000000089200000, 0x0000000089300000|  0%| F|  |TAMS 0x0000000089200000, 0x0000000089200000| Untracked 
| 103|0x0000000089300000, 0x0000000089300000, 0x0000000089400000|  0%| F|  |TAMS 0x0000000089300000, 0x0000000089300000| Untracked 
| 104|0x0000000089400000, 0x0000000089400000, 0x0000000089500000|  0%| F|  |TAMS 0x0000000089400000, 0x0000000089400000| Untracked 
| 105|0x0000000089500000, 0x0000000089500000, 0x0000000089600000|  0%| F|  |TAMS 0x0000000089500000, 0x0000000089500000| Untracked 
| 106|0x0000000089600000, 0x0000000089600000, 0x0000000089700000|  0%| F|  |TAMS 0x0000000089600000, 0x0000000089600000| Untracked 
| 107|0x0000000089700000, 0x0000000089700000, 0x0000000089800000|  0%| F|  |TAMS 0x0000000089700000, 0x0000000089700000| Untracked 
| 108|0x0000000089800000, 0x0000000089880800, 0x0000000089900000| 50%| E|  |TAMS 0x0000000089800000, 0x0000000089800000| Complete 
| 109|0x0000000089900000, 0x0000000089a00000, 0x0000000089a00000|100%| E|CS|TAMS 0x0000000089900000, 0x0000000089900000| Complete 
| 110|0x0000000089a00000, 0x0000000089b00000, 0x0000000089b00000|100%| E|CS|TAMS 0x0000000089a00000, 0x0000000089a00000| Complete 
| 111|0x0000000089b00000, 0x0000000089c00000, 0x0000000089c00000|100%| E|CS|TAMS 0x0000000089b00000, 0x0000000089b00000| Complete 
| 112|0x0000000089c00000, 0x0000000089ca2ae0, 0x0000000089d00000| 63%| S|CS|TAMS 0x0000000089c00000, 0x0000000089c00000| Complete 
| 113|0x0000000089d00000, 0x0000000089e00000, 0x0000000089e00000|100%| S|CS|TAMS 0x0000000089d00000, 0x0000000089d00000| Complete 
| 114|0x0000000089e00000, 0x0000000089f00000, 0x0000000089f00000|100%| E|CS|TAMS 0x0000000089e00000, 0x0000000089e00000| Complete 
| 115|0x0000000089f00000, 0x000000008a000000, 0x000000008a000000|100%| E|CS|TAMS 0x0000000089f00000, 0x0000000089f00000| Complete 
| 116|0x000000008a000000, 0x000000008a100000, 0x000000008a100000|100%| E|CS|TAMS 0x000000008a000000, 0x000000008a000000| Complete 
| 117|0x000000008a100000, 0x000000008a200000, 0x000000008a200000|100%| E|CS|TAMS 0x000000008a100000, 0x000000008a100000| Complete 
| 118|0x000000008a200000, 0x000000008a300000, 0x000000008a300000|100%| E|CS|TAMS 0x000000008a200000, 0x000000008a200000| Complete 
| 119|0x000000008a300000, 0x000000008a400000, 0x000000008a400000|100%| E|CS|TAMS 0x000000008a300000, 0x000000008a300000| Complete 
| 120|0x000000008a400000, 0x000000008a500000, 0x000000008a500000|100%| E|CS|TAMS 0x000000008a400000, 0x000000008a400000| Complete 
| 121|0x000000008a500000, 0x000000008a600000, 0x000000008a600000|100%| E|CS|TAMS 0x000000008a500000, 0x000000008a500000| Complete 
| 122|0x000000008a600000, 0x000000008a700000, 0x000000008a700000|100%| E|CS|TAMS 0x000000008a600000, 0x000000008a600000| Complete 
| 123|0x000000008a700000, 0x000000008a800000, 0x000000008a800000|100%| E|CS|TAMS 0x000000008a700000, 0x000000008a700000| Complete 
| 124|0x000000008a800000, 0x000000008a900000, 0x000000008a900000|100%| E|CS|TAMS 0x000000008a800000, 0x000000008a800000| Complete 
| 125|0x000000008a900000, 0x000000008aa00000, 0x000000008aa00000|100%| E|CS|TAMS 0x000000008a900000, 0x000000008a900000| Complete 
| 126|0x000000008aa00000, 0x000000008ab00000, 0x000000008ab00000|100%| E|CS|TAMS 0x000000008aa00000, 0x000000008aa00000| Complete 
| 127|0x000000008ab00000, 0x000000008ac00000, 0x000000008ac00000|100%| E|CS|TAMS 0x000000008ab00000, 0x000000008ab00000| Complete 
| 128|0x000000008ac00000, 0x000000008ad00000, 0x000000008ad00000|100%| E|CS|TAMS 0x000000008ac00000, 0x000000008ac00000| Complete 
| 129|0x000000008ad00000, 0x000000008ae00000, 0x000000008ae00000|100%| E|CS|TAMS 0x000000008ad00000, 0x000000008ad00000| Complete 
| 130|0x000000008ae00000, 0x000000008af00000, 0x000000008af00000|100%| E|CS|TAMS 0x000000008ae00000, 0x000000008ae00000| Complete 
| 131|0x000000008af00000, 0x000000008b000000, 0x000000008b000000|100%| E|CS|TAMS 0x000000008af00000, 0x000000008af00000| Complete 
| 132|0x000000008b000000, 0x000000008b100000, 0x000000008b100000|100%| E|CS|TAMS 0x000000008b000000, 0x000000008b000000| Complete 
| 133|0x000000008b100000, 0x000000008b200000, 0x000000008b200000|100%| E|CS|TAMS 0x000000008b100000, 0x000000008b100000| Complete 
| 134|0x000000008b200000, 0x000000008b300000, 0x000000008b300000|100%| E|CS|TAMS 0x000000008b200000, 0x000000008b200000| Complete 
| 135|0x000000008b300000, 0x000000008b400000, 0x000000008b400000|100%| E|CS|TAMS 0x000000008b300000, 0x000000008b300000| Complete 
| 136|0x000000008b400000, 0x000000008b500000, 0x000000008b500000|100%| E|CS|TAMS 0x000000008b400000, 0x000000008b400000| Complete 
| 137|0x000000008b500000, 0x000000008b600000, 0x000000008b600000|100%| E|CS|TAMS 0x000000008b500000, 0x000000008b500000| Complete 
| 138|0x000000008b600000, 0x000000008b700000, 0x000000008b700000|100%| E|CS|TAMS 0x000000008b600000, 0x000000008b600000| Complete 
| 139|0x000000008b700000, 0x000000008b800000, 0x000000008b800000|100%| E|CS|TAMS 0x000000008b700000, 0x000000008b700000| Complete 
| 140|0x000000008b800000, 0x000000008b900000, 0x000000008b900000|100%| E|CS|TAMS 0x000000008b800000, 0x000000008b800000| Complete 
| 141|0x000000008b900000, 0x000000008ba00000, 0x000000008ba00000|100%| E|CS|TAMS 0x000000008b900000, 0x000000008b900000| Complete 
| 142|0x000000008ba00000, 0x000000008bb00000, 0x000000008bb00000|100%| E|CS|TAMS 0x000000008ba00000, 0x000000008ba00000| Complete 
| 143|0x000000008bb00000, 0x000000008bc00000, 0x000000008bc00000|100%| E|CS|TAMS 0x000000008bb00000, 0x000000008bb00000| Complete 
| 144|0x000000008bc00000, 0x000000008bd00000, 0x000000008bd00000|100%| E|CS|TAMS 0x000000008bc00000, 0x000000008bc00000| Complete 
| 145|0x000000008bd00000, 0x000000008be00000, 0x000000008be00000|100%| E|CS|TAMS 0x000000008bd00000, 0x000000008bd00000| Complete 
| 146|0x000000008be00000, 0x000000008bf00000, 0x000000008bf00000|100%| E|CS|TAMS 0x000000008be00000, 0x000000008be00000| Complete 
| 147|0x000000008bf00000, 0x000000008c000000, 0x000000008c000000|100%| E|CS|TAMS 0x000000008bf00000, 0x000000008bf00000| Complete 
| 148|0x000000008c000000, 0x000000008c100000, 0x000000008c100000|100%| E|CS|TAMS 0x000000008c000000, 0x000000008c000000| Complete 
| 149|0x000000008c100000, 0x000000008c200000, 0x000000008c200000|100%| E|CS|TAMS 0x000000008c100000, 0x000000008c100000| Complete 
| 150|0x000000008c200000, 0x000000008c300000, 0x000000008c300000|100%| E|CS|TAMS 0x000000008c200000, 0x000000008c200000| Complete 
| 151|0x000000008c300000, 0x000000008c400000, 0x000000008c400000|100%| E|CS|TAMS 0x000000008c300000, 0x000000008c300000| Complete 

Card table byte_map: [0x00000282e4c90000,0x00000282e5080000] _byte_map_base: 0x00000282e487a000

Marking Bits (Prev, Next): (CMBitMap*) 0x00000282cd005c68, (CMBitMap*) 0x00000282cd005ca0
 Prev Bits: [0x00000282e5470000, 0x00000282e73c0000)
 Next Bits: [0x00000282e73c0000, 0x00000282e9310000)

Polling page: 0x00000282caf40000

Metaspace:

Usage:
  Non-class:     38.74 MB capacity,    38.46 MB (>99%) used,   222.84 KB ( <1%) free+waste,    65.50 KB ( <1%) overhead. 
      Class:      5.38 MB capacity,     5.19 MB ( 96%) used,   168.67 KB (  3%) free+waste,    28.94 KB ( <1%) overhead. 
       Both:     44.12 MB capacity,    43.65 MB ( 99%) used,   391.52 KB ( <1%) free+waste,    94.44 KB ( <1%) overhead. 

Virtual space:
  Non-class space:       40.00 MB reserved,      38.83 MB ( 97%) committed 
      Class space:        1.00 GB reserved,       5.50 MB ( <1%) committed 
             Both:        1.04 GB reserved,      44.33 MB (  4%) committed 

Chunk freelists:
   Non-Class:  11.00 KB
       Class:  3.50 KB
        Both:  14.50 KB

CodeHeap 'non-profiled nmethods': size=120000Kb used=1182Kb max_used=1182Kb free=118817Kb
 bounds [0x00000282dce20000, 0x00000282dd090000, 0x00000282e4350000]
CodeHeap 'profiled nmethods': size=120000Kb used=6953Kb max_used=6953Kb free=113046Kb
 bounds [0x00000282d58f0000, 0x00000282d5fc0000, 0x00000282dce20000]
CodeHeap 'non-nmethods': size=5760Kb used=1190Kb max_used=1228Kb free=4569Kb
 bounds [0x00000282d5350000, 0x00000282d55c0000, 0x00000282d58f0000]
 total_blobs=4327 nmethods=3164 adapters=455
 compilation: enabled
              stopped_count=0, restarted_count=0
 full_count=0

Compilation events (10 events):
Event: 8.576 Thread 0x00000282ebfc9000 3174       2       org.jetbrains.kotlin.com.intellij.util.pico.DefaultPicoContainer::getService (40 bytes)
Event: 8.577 Thread 0x00000282ebfc9000 nmethod 3174 0x00000282d5fabe90 code [0x00000282d5fac080, 0x00000282d5fac320]
Event: 8.589 Thread 0x00000282ebfc9000 3175       1       kotlin.ranges.IntProgressionIterator::hasNext (5 bytes)
Event: 8.589 Thread 0x00000282ebfc9000 nmethod 3175 0x00000282dcf47410 code [0x00000282dcf475c0, 0x00000282dcf476d8]
Event: 8.589 Thread 0x00000282ebfc9000 3176   !   2       kotlin.SynchronizedLazyImpl::getValue (92 bytes)
Event: 8.591 Thread 0x00000282ebfc9000 nmethod 3176 0x00000282d5fac490 code [0x00000282d5fac6a0, 0x00000282d5facc40]
Event: 8.591 Thread 0x00000282ebfc9000 3177       2       org.jetbrains.kotlin.com.intellij.openapi.vfs.VirtualFile::nameEquals (18 bytes)
Event: 8.591 Thread 0x00000282ebfc9000 nmethod 3177 0x00000282d5facf90 code [0x00000282d5fad160, 0x00000282d5fad350]
Event: 8.591 Thread 0x00000282ebfc9000 3178       2       org.jetbrains.kotlin.com.intellij.openapi.util.Comparing::equal (7 bytes)
Event: 8.591 Thread 0x00000282ebfc9000 nmethod 3178 0x00000282d5fad490 code [0x00000282d5fad640, 0x00000282d5fad7b0]

GC Heap History (10 events):
Event: 1.467 GC heap before
{Heap before GC invocations=0 (full 0):
 garbage-first heap   total 129024K, used 27648K [0x0000000082c00000, 0x0000000100000000)
  region size 1024K, 24 young (24576K), 0 survivors (0K)
 Metaspace       used 12380K, capacity 12504K, committed 12800K, reserved 1060864K
  class space    used 1167K, capacity 1207K, committed 1280K, reserved 1048576K
}
Event: 1.478 GC heap after
{Heap after GC invocations=1 (full 0):
 garbage-first heap   total 129024K, used 5861K [0x0000000082c00000, 0x0000000100000000)
  region size 1024K, 3 young (3072K), 3 survivors (3072K)
 Metaspace       used 12380K, capacity 12504K, committed 12800K, reserved 1060864K
  class space    used 1167K, capacity 1207K, committed 1280K, reserved 1048576K
}
Event: 3.165 GC heap before
{Heap before GC invocations=1 (full 0):
 garbage-first heap   total 129024K, used 40677K [0x0000000082c00000, 0x0000000100000000)
  region size 1024K, 38 young (38912K), 3 survivors (3072K)
 Metaspace       used 20925K, capacity 21086K, committed 21296K, reserved 1069056K
  class space    used 2220K, capacity 2312K, committed 2432K, reserved 1048576K
}
Event: 3.181 GC heap after
{Heap after GC invocations=2 (full 0):
 garbage-first heap   total 129024K, used 9210K [0x0000000082c00000, 0x0000000100000000)
  region size 1024K, 6 young (6144K), 6 survivors (6144K)
 Metaspace       used 20925K, capacity 21086K, committed 21296K, reserved 1069056K
  class space    used 2220K, capacity 2312K, committed 2432K, reserved 1048576K
}
Event: 6.037 GC heap before
{Heap before GC invocations=3 (full 0):
 garbage-first heap   total 129024K, used 60410K [0x0000000082c00000, 0x0000000100000000)
  region size 1024K, 51 young (52224K), 6 survivors (6144K)
 Metaspace       used 31902K, capacity 32279K, committed 32560K, reserved 1077248K
  class space    used 4001K, capacity 4181K, committed 4224K, reserved 1048576K
}
Event: 6.076 GC heap after
{Heap after GC invocations=4 (full 0):
 garbage-first heap   total 129024K, used 25339K [0x0000000082c00000, 0x0000000100000000)
  region size 1024K, 7 young (7168K), 7 survivors (7168K)
 Metaspace       used 31902K, capacity 32279K, committed 32560K, reserved 1077248K
  class space    used 4001K, capacity 4181K, committed 4224K, reserved 1048576K
}
Event: 6.342 GC heap before
{Heap before GC invocations=4 (full 0):
 garbage-first heap   total 129024K, used 30459K [0x0000000082c00000, 0x0000000100000000)
  region size 1024K, 12 young (12288K), 7 survivors (7168K)
 Metaspace       used 33168K, capacity 33593K, committed 33712K, reserved 1079296K
  class space    used 4153K, capacity 4342K, committed 4352K, reserved 1048576K
}
Event: 6.357 GC heap after
{Heap after GC invocations=5 (full 0):
 garbage-first heap   total 129024K, used 26624K [0x0000000082c00000, 0x0000000100000000)
  region size 1024K, 1 young (1024K), 1 survivors (1024K)
 Metaspace       used 33168K, capacity 33593K, committed 33712K, reserved 1079296K
  class space    used 4153K, capacity 4342K, committed 4352K, reserved 1048576K
}
Event: 6.770 GC heap before
{Heap before GC invocations=5 (full 0):
 garbage-first heap   total 129024K, used 36864K [0x0000000082c00000, 0x0000000100000000)
  region size 1024K, 12 young (12288K), 1 survivors (1024K)
 Metaspace       used 35477K, capacity 35844K, committed 35920K, reserved 1081344K
  class space    used 4403K, capacity 4602K, committed 4608K, reserved 1048576K
}
Event: 6.775 GC heap after
{Heap after GC invocations=6 (full 0):
 garbage-first heap   total 155648K, used 25226K [0x0000000082c00000, 0x0000000100000000)
  region size 1024K, 2 young (2048K), 2 survivors (2048K)
 Metaspace       used 35477K, capacity 35844K, committed 35920K, reserved 1081344K
  class space    used 4403K, capacity 4602K, committed 4608K, reserved 1048576K
}

Deoptimization events (10 events):
Event: 8.142 Thread 0x00000282ccfc7000 Uncommon trap: reason=unstable_if action=reinterpret pc=0x00000282dce9eedc method=java.lang.String.indexOf(II)I @ 4 c2
Event: 8.142 Thread 0x00000282ccfc7000 Uncommon trap: reason=unstable_if action=reinterpret pc=0x00000282dce88f1c method=java.lang.String.replace(CC)Ljava/lang/String; @ 9 c2
Event: 8.142 Thread 0x00000282ccfc7000 Uncommon trap: reason=unstable_if action=reinterpret pc=0x00000282dceff18c method=java.lang.String.concat(Ljava/lang/String;)Ljava/lang/String; @ 19 c2
Event: 8.142 Thread 0x00000282ccfc7000 Uncommon trap: reason=unstable_if action=reinterpret pc=0x00000282dce3d470 method=java.lang.String.getBytes([BIB)V @ 5 c2
Event: 8.143 Thread 0x00000282ccfc7000 Uncommon trap: reason=unstable_if action=reinterpret pc=0x00000282dce57b9c method=java.lang.StringCoding.encodeUTF8(B[BZ)[B @ 2 c2
Event: 8.143 Thread 0x00000282ccfc7000 Uncommon trap: reason=unstable_if action=reinterpret pc=0x00000282dcf2a448 method=sun.net.www.ParseUtil.firstEncodeIndex(Ljava/lang/String;)I @ 27 c2
Event: 8.143 Thread 0x00000282ccfc7000 Uncommon trap: reason=unstable_if action=reinterpret pc=0x00000282dcf0579c method=java.lang.String.indexOf(II)I @ 4 c2
Event: 8.143 Thread 0x00000282ccfc7000 Uncommon trap: reason=unstable_if action=reinterpret pc=0x00000282dcee0cb4 method=java.lang.String.startsWith(Ljava/lang/String;I)Z @ 46 c2
Event: 8.143 Thread 0x00000282ccfc7000 Uncommon trap: reason=unstable_if action=reinterpret pc=0x00000282dcf30c30 method=java.lang.String.lastIndexOf(II)I @ 4 c2
Event: 8.252 Thread 0x00000282ccfc7000 Uncommon trap: reason=intrinsic_or_type_checked_inlining action=make_not_entrant pc=0x00000282dcf3b178 method=java.util.Arrays.copyOf([Ljava/lang/Object;ILjava/lang/Class;)[Ljava/lang/Object; @ 35 c2

Classes redefined (0 events):
No events

Internal exceptions (10 events):
Event: 3.833 Thread 0x00000282ccfc7000 Exception <a 'sun/nio/fs/WindowsException'{0x0000000089b983c8}> (0x0000000089b983c8) thrown at [t:/workspace/open/src/hotspot/share/prims/jni.cpp, line 615]
Event: 3.841 Thread 0x00000282ccfc7000 Exception <a 'java/lang/NoSuchMethodError'{0x0000000089b9eb88}: java.lang.invoke.DirectMethodHandle$Holder.invokeStatic(Ljava/lang/Object;Ljava/lang/Object;Ljava/lang/Object;Ljava/lang/Object;)V> (0x0000000089b9eb88) thrown at [t:/workspace/open/src/hotsp
Event: 4.075 Thread 0x00000282ccfc7000 Exception <a 'java/lang/NoSuchMethodError'{0x000000008977dc00}: java.lang.invoke.DirectMethodHandle$Holder.invokeStaticInit(Ljava/lang/Object;Ljava/lang/Object;)V> (0x000000008977dc00) thrown at [t:/workspace/open/src/hotspot/share/interpreter/linkResolve
Event: 4.238 Thread 0x00000282ccfc7000 Exception <a 'java/lang/NoSuchMethodError'{0x000000008939a990}: java.lang.invoke.DirectMethodHandle$Holder.invokeVirtual(Ljava/lang/Object;Ljava/lang/Object;)V> (0x000000008939a990) thrown at [t:/workspace/open/src/hotspot/share/interpreter/linkResolver.c
Event: 4.256 Thread 0x00000282ccfc7000 Exception <a 'java/lang/NoSuchMethodError'{0x00000000892183a8}: java.lang.invoke.DirectMethodHandle$Holder.invokeVirtual(Ljava/lang/Object;Ljava/lang/Object;)I> (0x00000000892183a8) thrown at [t:/workspace/open/src/hotspot/share/interpreter/linkResolver.c
Event: 6.608 Thread 0x00000282ccfc7000 Exception <a 'java/lang/NoSuchMethodError'{0x000000008a2a5648}: java.lang.invoke.DirectMethodHandle$Holder.invokeVirtual(Ljava/lang/Object;Ljava/lang/Object;Ljava/lang/Object;)Ljava/lang/Object;> (0x000000008a2a5648) thrown at [t:/workspace/open/src/hotsp
Event: 8.335 Thread 0x00000282ccfc7000 Exception <a 'java/lang/NoSuchMethodError'{0x000000008a0d91d8}: java.lang.invoke.Invokers$Holder.linkToTargetMethod(Ljava/lang/Object;ILjava/lang/Object;)Ljava/lang/Object;> (0x000000008a0d91d8) thrown at [t:/workspace/open/src/hotspot/share/interpreter/l
Event: 8.525 Thread 0x00000282ccfc7000 Exception <a 'java/lang/NoSuchMethodError'{0x0000000089b6a5a8}: java.lang.invoke.DirectMethodHandle$Holder.invokeStatic(Ljava/lang/Object;Ljava/lang/Object;Ljava/lang/Object;I)Ljava/lang/Object;> (0x0000000089b6a5a8) thrown at [t:/workspace/open/src/hotsp
Event: 8.526 Thread 0x00000282ccfc7000 Exception <a 'java/lang/NoSuchMethodError'{0x0000000089b6e218}: java.lang.invoke.DirectMethodHandle$Holder.invokeSpecial(Ljava/lang/Object;Ljava/lang/Object;Ljava/lang/Object;Ljava/lang/Object;I)Ljava/lang/Object;> (0x0000000089b6e218) thrown at [t:/works
Event: 8.526 Thread 0x00000282ccfc7000 Exception <a 'java/lang/NoSuchMethodError'{0x0000000089b71520}: java.lang.invoke.Invokers$Holder.linkToTargetMethod(Ljava/lang/Object;Ljava/lang/Object;ILjava/lang/Object;)Ljava/lang/Object;> (0x0000000089b71520) thrown at [t:/workspace/open/src/hotspot/s

Events (10 events):
Event: 8.595 loading class org/jetbrains/kotlin/load/java/lazy/LazyJavaPackageFragmentProvider$getPackageFragment$1
Event: 8.595 loading class org/jetbrains/kotlin/load/java/lazy/LazyJavaPackageFragmentProvider$getPackageFragment$1 done
Event: 8.595 loading class org/jetbrains/kotlin/load/java/lazy/descriptors/LazyJavaPackageFragment
Event: 8.595 loading class org/jetbrains/kotlin/load/java/lazy/descriptors/LazyJavaPackageFragment done
Event: 8.596 loading class org/jetbrains/kotlin/load/java/lazy/ContextKt
Event: 8.596 loading class org/jetbrains/kotlin/load/java/lazy/ContextKt done
Event: 8.597 loading class org/jetbrains/kotlin/load/java/lazy/ContextKt$childForClassOrPackage$1
Event: 8.597 loading class org/jetbrains/kotlin/load/java/lazy/ContextKt$childForClassOrPackage$1 done
Event: 8.599 loading class org/jetbrains/kotlin/load/java/lazy/descriptors/LazyJavaPackageFragment$binaryClasses$2
Event: 8.599 loading class org/jetbrains/kotlin/load/java/lazy/descriptors/LazyJavaPackageFragment$binaryClasses$2 done


Dynamic libraries:
0x00007ff6860b0000 - 0x00007ff6860f7000 	C:\Program Files\Java\jdk-11.0.6\bin\java.exe
0x00007ffc13a30000 - 0x00007ffc13c47000 	C:\WINDOWS\SYSTEM32\ntdll.dll
0x00007ffc12400000 - 0x00007ffc124c4000 	C:\WINDOWS\System32\KERNEL32.DLL
0x00007ffc10fc0000 - 0x00007ffc11366000 	C:\WINDOWS\System32\KERNELBASE.dll
0x00007ffc13440000 - 0x00007ffc134f1000 	C:\WINDOWS\System32\ADVAPI32.dll
0x00007ffc128b0000 - 0x00007ffc12957000 	C:\WINDOWS\System32\msvcrt.dll
0x00007ffc13270000 - 0x00007ffc13315000 	C:\WINDOWS\System32\sechost.dll
0x00007ffc13320000 - 0x00007ffc13437000 	C:\WINDOWS\System32\RPCRT4.dll
0x00007ffc11780000 - 0x00007ffc1192e000 	C:\WINDOWS\System32\USER32.dll
0x00007ffc10da0000 - 0x00007ffc10dc6000 	C:\WINDOWS\System32\win32u.dll
0x00007ffc124d0000 - 0x00007ffc124f9000 	C:\WINDOWS\System32\GDI32.dll
0x00007ffc115a0000 - 0x00007ffc116b8000 	C:\WINDOWS\System32\gdi32full.dll
0x00007ffc11500000 - 0x00007ffc1159a000 	C:\WINDOWS\System32\msvcp_win.dll
0x00007ffc113e0000 - 0x00007ffc114f1000 	C:\WINDOWS\System32\ucrtbase.dll
0x00007ffbf9170000 - 0x00007ffbf9403000 	C:\WINDOWS\WinSxS\amd64_microsoft.windows.common-controls_6595b64144ccf1df_6.0.22621.2506_none_270c5ae97388e100\COMCTL32.dll
0x00007ffc0aa90000 - 0x00007ffc0aa9a000 	C:\WINDOWS\SYSTEM32\VERSION.dll
0x00007ffc12610000 - 0x00007ffc12641000 	C:\WINDOWS\System32\IMM32.DLL
0x00007ffc0a8f0000 - 0x00007ffc0a906000 	C:\Program Files\Java\jdk-11.0.6\bin\vcruntime140.dll
0x00007ffbc9540000 - 0x00007ffbc95ea000 	C:\Program Files\Java\jdk-11.0.6\bin\msvcp140.dll
0x00007ffbb80c0000 - 0x00007ffbb8be9000 	C:\Program Files\Java\jdk-11.0.6\bin\server\jvm.dll
0x00007ffc139e0000 - 0x00007ffc139e8000 	C:\WINDOWS\System32\PSAPI.DLL
0x00007ffbffcf0000 - 0x00007ffbffcf9000 	C:\WINDOWS\SYSTEM32\WSOCK32.dll
0x00007ffc129d0000 - 0x00007ffc12a41000 	C:\WINDOWS\System32\WS2_32.dll
0x00007ffc03ce0000 - 0x00007ffc03d14000 	C:\WINDOWS\SYSTEM32\WINMM.dll
0x00007ffc0fe50000 - 0x00007ffc0fe68000 	C:\WINDOWS\SYSTEM32\kernel.appcore.dll
0x00007ffbfdf60000 - 0x00007ffbfdf71000 	C:\Program Files\Java\jdk-11.0.6\bin\verify.dll
0x00007ffc00a60000 - 0x00007ffc00c93000 	C:\WINDOWS\SYSTEM32\DBGHELP.DLL
0x00007ffc12e50000 - 0x00007ffc131d9000 	C:\WINDOWS\System32\combase.dll
0x00007ffc12ab0000 - 0x00007ffc12b87000 	C:\WINDOWS\System32\OLEAUT32.dll
0x00007ffbe7a80000 - 0x00007ffbe7ab2000 	C:\WINDOWS\SYSTEM32\dbgcore.DLL
0x00007ffc10dd0000 - 0x00007ffc10e4a000 	C:\WINDOWS\System32\bcryptPrimitives.dll
0x00007ffc0a8c0000 - 0x00007ffc0a8e9000 	C:\Program Files\Java\jdk-11.0.6\bin\java.dll
0x00007ffbfccf0000 - 0x00007ffbfcd06000 	C:\Program Files\Java\jdk-11.0.6\bin\zip.dll
0x00007ffc0df30000 - 0x00007ffc0df3a000 	C:\Program Files\Java\jdk-11.0.6\bin\jimage.dll
0x00007ffc11af0000 - 0x00007ffc1234a000 	C:\WINDOWS\System32\SHELL32.dll
0x00007ffc0ec80000 - 0x00007ffc0f576000 	C:\WINDOWS\SYSTEM32\windows.storage.dll
0x00007ffc0eb40000 - 0x00007ffc0ec7e000 	C:\WINDOWS\SYSTEM32\wintypes.dll
0x00007ffc12500000 - 0x00007ffc125f3000 	C:\WINDOWS\System32\SHCORE.dll
0x00007ffc13980000 - 0x00007ffc139de000 	C:\WINDOWS\System32\shlwapi.dll
0x00007ffc10cd0000 - 0x00007ffc10cf6000 	C:\WINDOWS\SYSTEM32\profapi.dll
0x00007ffbfc620000 - 0x00007ffbfc639000 	C:\Program Files\Java\jdk-11.0.6\bin\net.dll
0x00007ffc0a740000 - 0x00007ffc0a877000 	C:\WINDOWS\SYSTEM32\WINHTTP.dll
0x00007ffc102c0000 - 0x00007ffc10329000 	C:\WINDOWS\system32\mswsock.dll
0x00007ffbfc460000 - 0x00007ffbfc473000 	C:\Program Files\Java\jdk-11.0.6\bin\nio.dll

dbghelp: loaded successfully - version: 4.0.5 - missing functions: none
symbol engine: initialized successfully - sym options: 0x614 - pdb path: .;C:\Program Files\Java\jdk-11.0.6\bin;C:\WINDOWS\SYSTEM32;C:\WINDOWS\WinSxS\amd64_microsoft.windows.common-controls_6595b64144ccf1df_6.0.22621.2506_none_270c5ae97388e100;C:\Program Files\Java\jdk-11.0.6\bin\server

VM Arguments:
java_command: org.jetbrains.kotlin.cli.jvm.K2JVMCompiler @C:\project_react_native\Tasty_Icecream_project\node_modules\react-native-safe-area-context\android\build\20240106_858314026641953124.compiler.options
java_class_path (initial): C:\Users\amir\.gradle\caches\modules-2\files-2.1\org.jetbrains.kotlin\kotlin-compiler-embeddable\1.6.20\18f66cca4301c12893ebe4ef47d65c3d9d2bff9b\kotlin-compiler-embeddable-1.6.20.jar;C:\Users\amir\.gradle\caches\modules-2\files-2.1\org.jetbrains.kotlin\kotlin-reflect\1.6.20\669965154723f1a712e8677af0cc5470dfdab81c\kotlin-reflect-1.6.20.jar;C:\Users\amir\.gradle\caches\modules-2\files-2.1\org.jetbrains.kotlin\kotlin-stdlib\1.6.20\6cedc143badbb4f1c6b7f5a340b04edff1743208\kotlin-stdlib-1.6.20.jar;C:\Users\amir\.gradle\caches\modules-2\files-2.1\org.jetbrains.kotlin\kotlin-script-runtime\1.6.20\a115c367e0fd9c8909293b208689afca0c88a6f1\kotlin-script-runtime-1.6.20.jar;C:\Users\amir\.gradle\caches\modules-2\files-2.1\org.jetbrains.kotlin\kotlin-daemon-embeddable\1.6.20\d4cac343029f48f106c57f457384771165d7deb5\kotlin-daemon-embeddable-1.6.20.jar;C:\Users\amir\.gradle\caches\modules-2\files-2.1\org.jetbrains.intellij.deps\trove4j\1.0.20200330\3afb14d5f9ceb459d724e907a21145e8ff394f02\trove4j-1.0.20200330.jar;C:\Users\amir\.gradle\caches\modules-2\files-2.1\net.java.dev.jna\jna\5.6.0\330f2244e9030119ab3030fc3fededc86713d9cc\jna-5.6.0.jar;C:\Users\amir\.gradle\caches\modules-2\files-2.1\org.jetbrains.kotlin\kotlin-stdlib-common\1.6.20\27b4562b6713d70f458c6d7ea39aadacb8e6a92b\kotlin-stdlib-common-1.6.20.jar;C:\Users\amir\.gradle\caches\modules-2\files-2.1\org.jetbrains\annotations\13.0\919f0dfe192fb4e063e7dacadee7f8bb9a2672a9\annotations-13.0.jar
Launcher Type: SUN_STANDARD

[Global flags]
     intx CICompilerCount                          = 4                                         {product} {ergonomic}
     uint ConcGCThreads                            = 3                                         {product} {ergonomic}
     uint G1ConcRefinementThreads                  = 10                                        {product} {ergonomic}
   size_t G1HeapRegionSize                         = 1048576                                   {product} {ergonomic}
    uintx GCDrainStackTargetSize                   = 64                                        {product} {ergonomic}
   size_t InitialHeapSize                          = 132120576                                 {product} {ergonomic}
   size_t MarkStackSize                            = 4194304                                   {product} {ergonomic}
   size_t MaxHeapSize                              = 2101346304                                {product} {ergonomic}
   size_t MaxNewSize                               = 1260388352                                {product} {ergonomic}
   size_t MinHeapDeltaBytes                        = 1048576                                   {product} {ergonomic}
    uintx NonNMethodCodeHeapSize                   = 5836300                                {pd product} {ergonomic}
    uintx NonProfiledCodeHeapSize                  = 122910970                              {pd product} {ergonomic}
    uintx ProfiledCodeHeapSize                     = 122910970                              {pd product} {ergonomic}
    uintx ReservedCodeCacheSize                    = 251658240                              {pd product} {ergonomic}
     bool SegmentedCodeCache                       = true                                      {product} {ergonomic}
     bool UseCompressedClassPointers               = true                                 {lp64_product} {ergonomic}
     bool UseCompressedOops                        = true                                 {lp64_product} {ergonomic}
     bool UseG1GC                                  = true                                      {product} {ergonomic}
     bool UseLargePagesIndividualAllocation        = false                                  {pd product} {ergonomic}

Logging:
Log output configuration:
 #0: stdout all=warning uptime,level,tags
 #1: stderr all=off uptime,level,tags

Environment Variables:
JAVA_HOME=C:\Program Files\Java\jdk-11.0.6
CLASSPATH=C:\project_react_native\Tasty_Icecream_project\android\\gradle\wrapper\gradle-wrapper.jar
PATH=C:\project_react_native\Tasty_Icecream_project\node_modules\.bin;C:\project_react_native\Tasty_Icecream_project\node_modules\.bin;C:\project_react_native\node_modules\.bin;C:\node_modules\.bin;C:\Users\amir\AppData\Roaming\npm\node_modules\npm\node_modules\@npmcli\run-script\lib\node-gyp-bin;C:\Windows\system32;C:\Windows;C:\Windows\System32\Wbem;C:\Windows\System32\WindowsPowerShell\v1.0\;C:\Windows\System32\OpenSSH\;C:\Program Files (x86)\NVIDIA Corporation\PhysX\Common;C:\WINDOWS\system32;C:\WINDOWS;C:\WINDOWS\System32\Wbem;C:\WINDOWS\System32\WindowsPowerShell\v1.0\;C:\WINDOWS\System32\OpenSSH\;C:\Program Files\nodejs\;C:\Program Files\Git\cmd;C:\Program Files\NVIDIA Corporation\NVIDIA NvDLISR;C:\Program Files\Docker\Docker\resources\bin;C:\Users\amir\anaconda3;C:\Users\amir\anaconda3\Library\mingw-w64\bin;C:\Users\amir\anaconda3\Library\usr\bin;C:\Users\amir\anaconda3\Library\bin;C:\Users\amir\anaconda3\Scripts;C:\Users\amir\AppData\Local\Microsoft\WindowsApps;C:\Users\amir\AppData\Local\Programs\Microsoft VS Code\bin;C:\Users\amir\AppData\Roaming\npm;C:\Program Files\Java\jdk-11.0.6\bin;C:\Users\amir\AppData\Local\Android\Sdk\tools
USERNAME=amir
OS=Windows_NT
PROCESSOR_IDENTIFIER=Intel64 Family 6 Model 165 Stepping 2, GenuineIntel



---------------  S Y S T E M  ---------------

OS: Windows 10 , 64 bit Build 22621 (10.0.22621.2506)

CPU:total 12 (initial active 12) (6 cores per cpu, 2 threads per core) family 6 model 165 stepping 2, cmov, cx8, fxsr, mmx, sse, sse2, sse3, ssse3, sse4.1, sse4.2, popcnt, avx, avx2, aes, clmul, erms, 3dnowpref, lzcnt, ht, tsc, tscinvbit, bmi1, bmi2, adx, fma

Memory: 4k page, system-wide physical 8012M (183M free)
TotalPageFile size 32588M (AvailPageFile size 4M)
current process WorkingSet (physical memory assigned to process): 239M, peak: 239M
current process commit charge ("private bytes"): 327M, peak: 327M

vm_info: Java HotSpot(TM) 64-Bit Server VM (11.0.6+8-LTS) for windows-amd64 JRE (11.0.6+8-LTS), built on Dec 11 2019 09:17:57 by "mach5one" with MS VC++ 15.5 (VS2017)

END.
