#
# There is insufficient memory for the Java Runtime Environment to continue.
# Native memory allocation (mmap) failed to map 65536 bytes for Failed to commit area from 0x0000027c32eb0000 to 0x0000027c32ec0000 of length 65536.
# Possible reasons:
#   The system is out of physical RAM or swap space
#   The process is running with CompressedOops enabled, and the Java Heap may be blocking the growth of the native heap
# Possible solutions:
#   Reduce memory load on the system
#   Increase physical memory or swap space
#   Check if swap backing store is full
#   Decrease Java heap size (-Xmx/-Xms)
#   Decrease number of Java threads
#   Decrease Java thread stack sizes (-Xss)
#   Set larger code cache with -XX:ReservedCodeCacheSize=
# This output file may be truncated or incomplete.
#
#  Out of Memory Error (t:/workspace/open/src/hotspot/os/windows/os_windows.cpp:3271), pid=14052, tid=4240
#
# JRE version:  (11.0.6+8) (build )
# Java VM: Java HotSpot(TM) 64-Bit Server VM (11.0.6+8-LTS, mixed mode, sharing, tiered, compressed oops, g1 gc, windows-amd64)
# No core dump will be written. Minidumps are not enabled by default on client versions of Windows
#

---------------  S U M M A R Y ------------

Command Line: org.jetbrains.kotlin.cli.jvm.K2JVMCompiler @C:\project_react_native\Tasty_Icecream_project\node_modules\lottie-react-native\android\build\20240106_13019003591842769148.compiler.options

Host: Intel(R) Core(TM) i7-10750H CPU @ 2.60GHz, 12 cores, 7G,  Windows 10 , 64 bit Build 22621 (10.0.22621.2506)
Time: Sat Jan  6 04:38:48 2024 Egypt Standard Time elapsed time: 0 seconds (0d 0h 0m 0s)

---------------  T H R E A D  ---------------

Current thread (0x0000027c1b5d6800):  JavaThread "Unknown thread" [_thread_in_vm, id=4240, stack(0x000000de05a00000,0x000000de05b00000)]

Stack: [0x000000de05a00000,0x000000de05b00000]
Native frames: (J=compiled Java code, j=interpreted, Vv=VM code, C=native code)
V  [jvm.dll+0x63679a]
V  [jvm.dll+0x7755bf]
V  [jvm.dll+0x776c65]
V  [jvm.dll+0x7772d3]
V  [jvm.dll+0x25e7f8]
V  [jvm.dll+0x633c4a]
V  [jvm.dll+0x628625]
V  [jvm.dll+0x314a7c]
V  [jvm.dll+0x314902]
V  [jvm.dll+0x31a28e]
V  [jvm.dll+0x366548]
V  [jvm.dll+0x365f30]
V  [jvm.dll+0x2f1a78]
V  [jvm.dll+0x2f2bf6]
V  [jvm.dll+0x74e707]
V  [jvm.dll+0x74fe7f]
V  [jvm.dll+0x373349]
V  [jvm.dll+0x734e5e]
V  [jvm.dll+0x3e2b5d]
V  [jvm.dll+0x3e4ef1]
C  [java.exe+0x3607]
C  [java.exe+0x178dc]
C  [KERNEL32.DLL+0x1257d]
C  [ntdll.dll+0x5aa58]


---------------  P R O C E S S  ---------------

Threads class SMR info:
_java_thread_list=0x0000027c19478690, length=0, elements={
}

Java Threads: ( => current thread )

Other Threads:
  0x0000027c1b5eb800 GCTaskThread "GC Thread#0" [stack: 0x000000de05b00000,0x000000de05c00000] [id=7624]
  0x0000027c1b61e000 ConcurrentGCThread "G1 Main Marker" [stack: 0x000000de05c00000,0x000000de05d00000] [id=21312]
  0x0000027c1b61f800 ConcurrentGCThread "G1 Conc#0" [stack: 0x000000de05d00000,0x000000de05e00000] [id=16728]

[error occurred during error reporting (printing all threads), id 0xc0000005, EXCEPTION_ACCESS_VIOLATION (0xc0000005) at pc=0x00007ffbb83c0207]

VM state:not at safepoint (not fully initialized)

VM Mutex/Monitor currently owned by a thread:  ([mutex/lock_event])
[0x0000027c1b5d1b80] Heap_lock - owner thread: 0x0000027c1b5d6800

Heap address: 0x0000000082c00000, size: 2004 MB, Compressed Oops mode: Non-zero based: 0x0000000082c00000
Narrow klass base: 0x0000000000000000, Narrow klass shift: 0

GC Heap History (0 events):
No events

Deoptimization events (0 events):
No events

Classes redefined (0 events):
No events

Internal exceptions (0 events):
No events

Events (0 events):
No events


Dynamic libraries:
0x00007ff6860b0000 - 0x00007ff6860f7000 	C:\Program Files\Java\jdk-11.0.6\bin\java.exe
0x00007ffc13a30000 - 0x00007ffc13c47000 	C:\WINDOWS\SYSTEM32\ntdll.dll
0x00007ffc12400000 - 0x00007ffc124c4000 	C:\WINDOWS\System32\KERNEL32.DLL
0x00007ffc10fc0000 - 0x00007ffc11366000 	C:\WINDOWS\System32\KERNELBASE.dll
0x00007ffc13440000 - 0x00007ffc134f1000 	C:\WINDOWS\System32\ADVAPI32.dll
0x00007ffc128b0000 - 0x00007ffc12957000 	C:\WINDOWS\System32\msvcrt.dll
0x00007ffc13270000 - 0x00007ffc13315000 	C:\WINDOWS\System32\sechost.dll
0x00007ffc13320000 - 0x00007ffc13437000 	C:\WINDOWS\System32\RPCRT4.dll
0x00007ffc11780000 - 0x00007ffc1192e000 	C:\WINDOWS\System32\USER32.dll
0x00007ffc10da0000 - 0x00007ffc10dc6000 	C:\WINDOWS\System32\win32u.dll
0x00007ffc124d0000 - 0x00007ffc124f9000 	C:\WINDOWS\System32\GDI32.dll
0x00007ffc115a0000 - 0x00007ffc116b8000 	C:\WINDOWS\System32\gdi32full.dll
0x00007ffc11500000 - 0x00007ffc1159a000 	C:\WINDOWS\System32\msvcp_win.dll
0x00007ffc113e0000 - 0x00007ffc114f1000 	C:\WINDOWS\System32\ucrtbase.dll
0x00007ffbf9170000 - 0x00007ffbf9403000 	C:\WINDOWS\WinSxS\amd64_microsoft.windows.common-controls_6595b64144ccf1df_6.0.22621.2506_none_270c5ae97388e100\COMCTL32.dll
0x00007ffc0aa90000 - 0x00007ffc0aa9a000 	C:\WINDOWS\SYSTEM32\VERSION.dll
0x00007ffc12610000 - 0x00007ffc12641000 	C:\WINDOWS\System32\IMM32.DLL
0x00007ffc0a8f0000 - 0x00007ffc0a906000 	C:\Program Files\Java\jdk-11.0.6\bin\vcruntime140.dll
0x00007ffbc9540000 - 0x00007ffbc95ea000 	C:\Program Files\Java\jdk-11.0.6\bin\msvcp140.dll
0x00007ffbb80c0000 - 0x00007ffbb8be9000 	C:\Program Files\Java\jdk-11.0.6\bin\server\jvm.dll
0x00007ffc139e0000 - 0x00007ffc139e8000 	C:\WINDOWS\System32\PSAPI.DLL
0x00007ffbffcf0000 - 0x00007ffbffcf9000 	C:\WINDOWS\SYSTEM32\WSOCK32.dll
0x00007ffc129d0000 - 0x00007ffc12a41000 	C:\WINDOWS\System32\WS2_32.dll
0x00007ffc03ce0000 - 0x00007ffc03d14000 	C:\WINDOWS\SYSTEM32\WINMM.dll
0x00007ffc0fe50000 - 0x00007ffc0fe68000 	C:\WINDOWS\SYSTEM32\kernel.appcore.dll
0x00007ffbfdf60000 - 0x00007ffbfdf71000 	C:\Program Files\Java\jdk-11.0.6\bin\verify.dll
0x00007ffc00a60000 - 0x00007ffc00c93000 	C:\WINDOWS\SYSTEM32\DBGHELP.DLL
0x00007ffc12e50000 - 0x00007ffc131d9000 	C:\WINDOWS\System32\combase.dll
0x00007ffc12ab0000 - 0x00007ffc12b87000 	C:\WINDOWS\System32\OLEAUT32.dll
0x00007ffbe7a80000 - 0x00007ffbe7ab2000 	C:\WINDOWS\SYSTEM32\dbgcore.DLL
0x00007ffc10dd0000 - 0x00007ffc10e4a000 	C:\WINDOWS\System32\bcryptPrimitives.dll
0x00007ffc0a8c0000 - 0x00007ffc0a8e9000 	C:\Program Files\Java\jdk-11.0.6\bin\java.dll
0x00007ffbfccf0000 - 0x00007ffbfcd06000 	C:\Program Files\Java\jdk-11.0.6\bin\zip.dll
0x00007ffc0df30000 - 0x00007ffc0df3a000 	C:\Program Files\Java\jdk-11.0.6\bin\jimage.dll

dbghelp: loaded successfully - version: 4.0.5 - missing functions: none
symbol engine: initialized successfully - sym options: 0x614 - pdb path: .;C:\Program Files\Java\jdk-11.0.6\bin;C:\WINDOWS\SYSTEM32;C:\WINDOWS\WinSxS\amd64_microsoft.windows.common-controls_6595b64144ccf1df_6.0.22621.2506_none_270c5ae97388e100;C:\Program Files\Java\jdk-11.0.6\bin\server

VM Arguments:
java_command: org.jetbrains.kotlin.cli.jvm.K2JVMCompiler @C:\project_react_native\Tasty_Icecream_project\node_modules\lottie-react-native\android\build\20240106_13019003591842769148.compiler.options
java_class_path (initial): C:\Users\amir\.gradle\caches\modules-2\files-2.1\org.jetbrains.kotlin\kotlin-compiler-embeddable\1.7.10\909803167c98606fcf22b4c848647c68e351d48d\kotlin-compiler-embeddable-1.7.10.jar;C:\Users\amir\.gradle\caches\modules-2\files-2.1\org.jetbrains.kotlin\kotlin-reflect\1.7.10\165e600dfea6185cf5efa700756294cc4904dbeb\kotlin-reflect-1.7.10.jar;C:\Users\amir\.gradle\caches\modules-2\files-2.1\org.jetbrains.kotlin\kotlin-stdlib\1.7.10\d2abf9e77736acc4450dc4a3f707fa2c10f5099d\kotlin-stdlib-1.7.10.jar;C:\Users\amir\.gradle\caches\modules-2\files-2.1\org.jetbrains.kotlin\kotlin-script-runtime\1.7.10\c99c87a6988d8fd8d5142e9ed5c9f34a7cf561ee\kotlin-script-runtime-1.7.10.jar;C:\Users\amir\.gradle\caches\modules-2\files-2.1\org.jetbrains.kotlin\kotlin-daemon-embeddable\1.7.10\3a9f7aef7080d3ae63126cbba4f827ed664f32fa\kotlin-daemon-embeddable-1.7.10.jar;C:\Users\amir\.gradle\caches\modules-2\files-2.1\org.jetbrains.intellij.deps\trove4j\1.0.20200330\3afb14d5f9ceb459d724e907a21145e8ff394f02\trove4j-1.0.20200330.jar;C:\Users\amir\.gradle\caches\modules-2\files-2.1\net.java.dev.jna\jna\5.6.0\330f2244e9030119ab3030fc3fededc86713d9cc\jna-5.6.0.jar;C:\Users\amir\.gradle\caches\modules-2\files-2.1\org.jetbrains.kotlin\kotlin-stdlib-common\1.7.10\bac80c520d0a9e3f3673bc2658c6ed02ef45a76a\kotlin-stdlib-common-1.7.10.jar;C:\Users\amir\.gradle\caches\modules-2\files-2.1\org.jetbrains\annotations\13.0\919f0dfe192fb4e063e7dacadee7f8bb9a2672a9\annotations-13.0.jar
Launcher Type: SUN_STANDARD

[Global flags]
     intx CICompilerCount                          = 4                                         {product} {ergonomic}
     uint ConcGCThreads                            = 3                                         {product} {ergonomic}
     uint G1ConcRefinementThreads                  = 10                                        {product} {ergonomic}
   size_t G1HeapRegionSize                         = 1048576                                   {product} {ergonomic}
    uintx GCDrainStackTargetSize                   = 64                                        {product} {ergonomic}
   size_t InitialHeapSize                          = 132120576                                 {product} {ergonomic}
   size_t MarkStackSize                            = 4194304                                   {product} {ergonomic}
   size_t MaxHeapSize                              = 2101346304                                {product} {ergonomic}
   size_t MinHeapDeltaBytes                        = 1048576                                   {product} {ergonomic}
    uintx NonNMethodCodeHeapSize                   = 5836300                                {pd product} {ergonomic}
    uintx NonProfiledCodeHeapSize                  = 122910970                              {pd product} {ergonomic}
    uintx ProfiledCodeHeapSize                     = 122910970                              {pd product} {ergonomic}
    uintx ReservedCodeCacheSize                    = 251658240                              {pd product} {ergonomic}
     bool SegmentedCodeCache                       = true                                      {product} {ergonomic}
     bool UseCompressedClassPointers               = true                                 {lp64_product} {ergonomic}
     bool UseCompressedOops                        = true                                 {lp64_product} {ergonomic}
     bool UseG1GC                                  = true                                      {product} {ergonomic}
     bool UseLargePagesIndividualAllocation        = false                                  {pd product} {ergonomic}

Logging:
Log output configuration:
 #0: stdout all=warning uptime,level,tags
 #1: stderr all=off uptime,level,tags

Environment Variables:
JAVA_HOME=C:\Program Files\Java\jdk-11.0.6
CLASSPATH=C:\project_react_native\Tasty_Icecream_project\android\\gradle\wrapper\gradle-wrapper.jar
PATH=C:\project_react_native\Tasty_Icecream_project\node_modules\.bin;C:\project_react_native\Tasty_Icecream_project\node_modules\.bin;C:\project_react_native\node_modules\.bin;C:\node_modules\.bin;C:\Users\amir\AppData\Roaming\npm\node_modules\npm\node_modules\@npmcli\run-script\lib\node-gyp-bin;C:\Windows\system32;C:\Windows;C:\Windows\System32\Wbem;C:\Windows\System32\WindowsPowerShell\v1.0\;C:\Windows\System32\OpenSSH\;C:\Program Files (x86)\NVIDIA Corporation\PhysX\Common;C:\WINDOWS\system32;C:\WINDOWS;C:\WINDOWS\System32\Wbem;C:\WINDOWS\System32\WindowsPowerShell\v1.0\;C:\WINDOWS\System32\OpenSSH\;C:\Program Files\nodejs\;C:\Program Files\Git\cmd;C:\Program Files\NVIDIA Corporation\NVIDIA NvDLISR;C:\Program Files\Docker\Docker\resources\bin;C:\Users\amir\anaconda3;C:\Users\amir\anaconda3\Library\mingw-w64\bin;C:\Users\amir\anaconda3\Library\usr\bin;C:\Users\amir\anaconda3\Library\bin;C:\Users\amir\anaconda3\Scripts;C:\Users\amir\AppData\Local\Microsoft\WindowsApps;C:\Users\amir\AppData\Local\Programs\Microsoft VS Code\bin;C:\Users\amir\AppData\Roaming\npm;C:\Program Files\Java\jdk-11.0.6\bin;C:\Users\amir\AppData\Local\Android\Sdk\tools
USERNAME=amir
OS=Windows_NT
PROCESSOR_IDENTIFIER=Intel64 Family 6 Model 165 Stepping 2, GenuineIntel



---------------  S Y S T E M  ---------------

OS: Windows 10 , 64 bit Build 22621 (10.0.22621.2506)

CPU:total 12 (initial active 12) (6 cores per cpu, 2 threads per core) family 6 model 165 stepping 2, cmov, cx8, fxsr, mmx, sse, sse2, sse3, ssse3, sse4.1, sse4.2, popcnt, avx, avx2, aes, clmul, erms, 3dnowpref, lzcnt, ht, tsc, tscinvbit, bmi1, bmi2, adx, fma

Memory: 4k page, system-wide physical 8012M (330M free)
TotalPageFile size 32588M (AvailPageFile size 8M)
current process WorkingSet (physical memory assigned to process): 14M, peak: 14M
current process commit charge ("private bytes"): 194M, peak: 194M

vm_info: Java HotSpot(TM) 64-Bit Server VM (11.0.6+8-LTS) for windows-amd64 JRE (11.0.6+8-LTS), built on Dec 11 2019 09:17:57 by "mach5one" with MS VC++ 15.5 (VS2017)

END.
